<?xml version="1.0" encoding="UTF-8"?>
<testsuite xmlns:xsi="http://www.w3.org/2001/XMLSchema-instance" xsi:noNamespaceSchemaLocation="https://maven.apache.org/surefire/maven-surefire-plugin/xsd/surefire-test-report.xsd" name="jst.helloworld.SummeTest" time="0.012" tests="6" errors="0" skipped="0" failures="0">
  <properties>
[...]
</properties>
  <testcase name="zahlenPruefenFF" classname="jst.helloworld.SummeTest" time="0.007"/>
  <testcase name="zahlenPruefenFW" classname="jst.helloworld.SummeTest" time="0"/>
  <testcase name="zahlenPruefenWF" classname="jst.helloworld.SummeTest" time="0"/>
  <testcase name="summeStringNEG" classname="jst.helloworld.SummeTest" time="0"/>
  <testcase name="summeStringPOS" classname="jst.helloworld.SummeTest" time="0"/>
  <testcase name="summeBilden" classname="jst.helloworld.SummeTest" time="0"/>
</testsuite>